<?xml version="1.0" encoding="UTF-8"?>
<testng-results ignored="0" total="1" passed="1" failed="0" skipped="0">
  <reporter-output>
    <line>
      <![CDATA[Base Class: Triggered tearDown()method Started.................Here]]>
    </line>
    <line>
      <![CDATA[********Browser Session Ended********]]>
    </line>
  </reporter-output>
  <suite started-at="2022-08-02T16:20:58 EDT" name="Default suite" finished-at="2022-08-02T16:21:08 EDT" duration-ms="10219">
    <groups>
    </groups>
    <test started-at="2022-08-02T16:20:58 EDT" name="Default test" finished-at="2022-08-02T16:21:08 EDT" duration-ms="10219">
      <class name="com.application.testcases.TC_Login_Valid_Credentials">
        <test-method is-config="true" signature="setUpSuite()[pri:0, instance:com.application.testcases.TC_Login_Valid_Credentials@1cbbffcd]" started-at="2022-08-02T16:20:57 EDT" name="setUpSuite" finished-at="2022-08-02T16:20:58 EDT" duration-ms="683" status="PASS">
          <reporter-output>
          </reporter-output>
        </test-method> <!-- setUpSuite -->
        <test-method is-config="true" signature="setUp()[pri:0, instance:com.application.testcases.TC_Login_Valid_Credentials@1cbbffcd]" started-at="2022-08-02T16:20:58 EDT" name="setUp" finished-at="2022-08-02T16:21:07 EDT" duration-ms="8723" status="PASS">
          <reporter-output>
          </reporter-output>
        </test-method> <!-- setUp -->
        <test-method signature="loginApp()[pri:0, instance:com.application.testcases.TC_Login_Valid_Credentials@1cbbffcd]" started-at="2022-08-02T16:21:07 EDT" name="loginApp" description="This LoginApp() method will check login functionality" finished-at="2022-08-02T16:21:08 EDT" duration-ms="709" status="PASS">
          <reporter-output>
          </reporter-output>
        </test-method> <!-- loginApp -->
        <test-method is-config="true" signature="tearDown()[pri:0, instance:com.application.testcases.TC_Login_Valid_Credentials@1cbbffcd]" started-at="2022-08-02T16:21:08 EDT" name="tearDown" finished-at="2022-08-02T16:21:08 EDT" duration-ms="751" status="PASS">
          <reporter-output>
            <line>
              <![CDATA[Base Class: Triggered tearDown()method Started.................Here]]>
            </line>
            <line>
              <![CDATA[********Browser Session Ended********]]>
            </line>
          </reporter-output>
        </test-method> <!-- tearDown -->
      </class> <!-- com.application.testcases.TC_Login_Valid_Credentials -->
    </test> <!-- Default test -->
  </suite> <!-- Default suite -->
</testng-results>
